========================================
Automated Test Workflow
========================================

[WORKFLOW STEP 1/3] Building test tool...
----------------------------------------
========================================
Building Automated Test Tool
========================================
[STEP 1/2] Compiling source files...
main.cpp
main.cpp(1): warning C4819: 该文件包含不能在当前代码页(936)中表示的字符。请将该文件保存为 Unicode 格式以防止数据丢失
LoopbackTransport.cpp
C:\Users\huangl\Desktop\PortMaster\include\targetver.h(1): warning C4819: 该文件包含不能在当前代码页(936)中表示的字符。请将该文件保存为 Unicode 格式以防止数据丢失
ReliableChannel.cpp
C:\Users\huangl\Desktop\PortMaster\include\targetver.h(1): warning C4819: 该文件包含不能在当前代码页(936)中表示的字符。请将该文件保存为 Unicode 格式以防止数据丢失
FrameCodec.cpp
C:\Users\huangl\Desktop\PortMaster\include\targetver.h(1): warning C4819: 该文件包含不能在当前代码页(936)中表示的字符。请将该文件保存为 Unicode 格式以防止数据丢失
正在生成代码...
[OK] Compilation succeeded
[STEP 2/2] Linking AutoTest.exe...
[OK] Linking succeeded

========================================
Build Complete: AutoTest.exe
========================================

[WORKFLOW STEP 2/3] Running automated test...
----------------------------------------
======================================
Automated Reliable Transmission Test
======================================

[STEP 1/8] Reading test file...
Input: C:\Users\huangl\Desktop\PortMaster\<PDF_FILE>
[ERROR] Cannot open file (Error: 2)

========================================
[WORKFLOW FAILED] Test failed
========================================

Main project will NOT be recompiled.
